<?xml version="1.0" encoding="UTF-8"?>
<!-- Generated by org.testng.reporters.JUnitXMLReporter -->
<testsuite hostname="SMAAMIR-IN" name="Test" tests="6" failures="0" timestamp="3 Jul 2020 10:13:00 GMT" time="0.003" errors="0">
  <testcase name="testFive" time="0.0" classname="mynewpackage.MyCases"/>
  <testcase name="testFour" time="0.001" classname="mynewpackage.MyCases"/>
  <testcase name="testOne" time="0.0" classname="mynewpackage.MyCases"/>
  <testcase name="testSix" time="0.0" classname="mynewpackage.MyCases"/>
  <testcase name="testThree" time="0.0" classname="mynewpackage.MyCases"/>
  <testcase name="testTwo" time="0.001" classname="mynewpackage.MyCases"/>
</testsuite> <!-- Test -->
