<?xml version="1.0" encoding="UTF-8"?>
<testng-results skipped="0" failed="0" total="12" passed="12">
  <reporter-output>
  </reporter-output>
  <suite name="Suite1" duration-ms="3" started-at="2020-07-03T10:13:00Z" finished-at="2020-07-03T10:13:00Z">
    <groups>
    </groups>
    <test name="Test" duration-ms="3" started-at="2020-07-03T10:13:00Z" finished-at="2020-07-03T10:13:00Z">
      <class name="mynewpackage.MyCases">
        <test-method status="PASS" signature="testFive()[pri:0, instance:mynewpackage.MyCases@68837a77]" name="testFive" duration-ms="0" started-at="2020-07-03T15:43:00Z" finished-at="2020-07-03T15:43:00Z">
          <reporter-output>
          </reporter-output>
        </test-method> <!-- testFive -->
        <test-method status="PASS" signature="testFour()[pri:0, instance:mynewpackage.MyCases@68837a77]" name="testFour" duration-ms="1" started-at="2020-07-03T15:43:00Z" finished-at="2020-07-03T15:43:00Z">
          <reporter-output>
          </reporter-output>
        </test-method> <!-- testFour -->
        <test-method status="PASS" signature="testOne()[pri:0, instance:mynewpackage.MyCases@68837a77]" name="testOne" duration-ms="0" started-at="2020-07-03T15:43:00Z" finished-at="2020-07-03T15:43:00Z">
          <reporter-output>
          </reporter-output>
        </test-method> <!-- testOne -->
        <test-method status="PASS" signature="testSix()[pri:0, instance:mynewpackage.MyCases@68837a77]" name="testSix" duration-ms="0" started-at="2020-07-03T15:43:00Z" finished-at="2020-07-03T15:43:00Z">
          <reporter-output>
          </reporter-output>
        </test-method> <!-- testSix -->
        <test-method status="PASS" signature="testThree()[pri:0, instance:mynewpackage.MyCases@68837a77]" name="testThree" duration-ms="0" started-at="2020-07-03T15:43:00Z" finished-at="2020-07-03T15:43:00Z">
          <reporter-output>
          </reporter-output>
        </test-method> <!-- testThree -->
        <test-method status="PASS" signature="testTwo()[pri:0, instance:mynewpackage.MyCases@68837a77]" name="testTwo" duration-ms="1" started-at="2020-07-03T15:43:00Z" finished-at="2020-07-03T15:43:00Z">
          <reporter-output>
          </reporter-output>
        </test-method> <!-- testTwo -->
      </class> <!-- mynewpackage.MyCases -->
    </test> <!-- Test -->
  </suite> <!-- Suite1 -->
  <suite name="Suite2" duration-ms="30" started-at="2020-07-03T10:13:00Z" finished-at="2020-07-03T10:13:00Z">
    <groups>
    </groups>
    <test name="Test" duration-ms="30" started-at="2020-07-03T10:13:00Z" finished-at="2020-07-03T10:13:00Z">
      <class name="mynewpackage.MyCasesnew">
        <test-method status="PASS" signature="testFive()[pri:0, instance:mynewpackage.MyCasesnew@6108b2d7]" name="testFive" duration-ms="9" started-at="2020-07-03T15:43:00Z" finished-at="2020-07-03T15:43:00Z">
          <reporter-output>
          </reporter-output>
        </test-method> <!-- testFive -->
        <test-method status="PASS" signature="testFour()[pri:0, instance:mynewpackage.MyCasesnew@6108b2d7]" name="testFour" duration-ms="0" started-at="2020-07-03T15:43:00Z" finished-at="2020-07-03T15:43:00Z">
          <reporter-output>
          </reporter-output>
        </test-method> <!-- testFour -->
        <test-method status="PASS" signature="testOne()[pri:0, instance:mynewpackage.MyCasesnew@6108b2d7]" name="testOne" duration-ms="0" started-at="2020-07-03T15:43:00Z" finished-at="2020-07-03T15:43:00Z">
          <reporter-output>
          </reporter-output>
        </test-method> <!-- testOne -->
        <test-method status="PASS" signature="testSix()[pri:0, instance:mynewpackage.MyCasesnew@6108b2d7]" name="testSix" duration-ms="0" started-at="2020-07-03T15:43:00Z" finished-at="2020-07-03T15:43:00Z">
          <reporter-output>
          </reporter-output>
        </test-method> <!-- testSix -->
        <test-method status="PASS" signature="testThree()[pri:0, instance:mynewpackage.MyCasesnew@6108b2d7]" name="testThree" duration-ms="0" started-at="2020-07-03T15:43:00Z" finished-at="2020-07-03T15:43:00Z">
          <reporter-output>
          </reporter-output>
        </test-method> <!-- testThree -->
        <test-method status="PASS" signature="testTwo()[pri:0, instance:mynewpackage.MyCasesnew@6108b2d7]" name="testTwo" duration-ms="0" started-at="2020-07-03T15:43:00Z" finished-at="2020-07-03T15:43:00Z">
          <reporter-output>
          </reporter-output>
        </test-method> <!-- testTwo -->
      </class> <!-- mynewpackage.MyCasesnew -->
    </test> <!-- Test -->
  </suite> <!-- Suite2 -->
</testng-results>
