<?xml version="1.0" encoding="UTF-8"?>
<testsuite xmlns:xsi="http://www.w3.org/2001/XMLSchema-instance" xsi:noNamespaceSchemaLocation="https://maven.apache.org/surefire/maven-surefire-plugin/xsd/surefire-test-report-3.0.xsd" version="3.0" name="TestSuite" time="0.784" tests="12" errors="0" skipped="0" failures="0">
  <properties>
[...]
</properties>
  <testcase name="testFive" classname="mynewpackage.MyCasesnew" time="0.009">
    <system-out><![CDATA[this is my fifth test1
]]></system-out>
  </testcase>
  <testcase name="testFour" classname="mynewpackage.MyCasesnew" time="0">
    <system-out><![CDATA[this is my fourth test1
]]></system-out>
  </testcase>
  <testcase name="testOne" classname="mynewpackage.MyCasesnew" time="0">
    <system-out><![CDATA[this is my first test1
]]></system-out>
  </testcase>
  <testcase name="testSix" classname="mynewpackage.MyCasesnew" time="0">
    <system-out><![CDATA[this is my sixth test1
]]></system-out>
  </testcase>
  <testcase name="testThree" classname="mynewpackage.MyCasesnew" time="0">
    <system-out><![CDATA[this is my third test1
]]></system-out>
  </testcase>
  <testcase name="testTwo" classname="mynewpackage.MyCasesnew" time="0.001">
    <system-out><![CDATA[this is my second test1
]]></system-out>
  </testcase>
  <testcase name="testFive" classname="mynewpackage.MyCases" time="0">
    <system-out><![CDATA[this is my fifth test
]]></system-out>
  </testcase>
  <testcase name="testFour" classname="mynewpackage.MyCases" time="0">
    <system-out><![CDATA[this is my fourth test
]]></system-out>
  </testcase>
  <testcase name="testOne" classname="mynewpackage.MyCases" time="0">
    <system-out><![CDATA[this is my first test
]]></system-out>
  </testcase>
  <testcase name="testSix" classname="mynewpackage.MyCases" time="0.001">
    <system-out><![CDATA[this is my sixth test
]]></system-out>
  </testcase>
  <testcase name="testThree" classname="mynewpackage.MyCases" time="0">
    <system-out><![CDATA[this is my third test
]]></system-out>
  </testcase>
  <testcase name="testTwo" classname="mynewpackage.MyCases" time="0">
    <system-out><![CDATA[this is my second test
]]></system-out>
  </testcase>
</testsuite>