<?xml version="1.0" encoding="UTF-8"?>
<testng-results skipped="0" failed="0" total="6" passed="6">
  <reporter-output>
  </reporter-output>
  <suite name="Default suite" duration-ms="86" started-at="2020-07-03T05:47:02Z" finished-at="2020-07-03T05:47:02Z">
    <groups>
    </groups>
    <test name="Default test" duration-ms="86" started-at="2020-07-03T05:47:02Z" finished-at="2020-07-03T05:47:02Z">
      <class name="MyCases">
        <test-method status="PASS" signature="testFive()[pri:0, instance:MyCases@2096442d]" name="testFive" duration-ms="27" started-at="2020-07-03T11:17:02Z" finished-at="2020-07-03T11:17:02Z">
          <reporter-output>
          </reporter-output>
        </test-method> <!-- testFive -->
        <test-method status="PASS" signature="testFour()[pri:0, instance:MyCases@2096442d]" name="testFour" duration-ms="2" started-at="2020-07-03T11:17:02Z" finished-at="2020-07-03T11:17:02Z">
          <reporter-output>
          </reporter-output>
        </test-method> <!-- testFour -->
        <test-method status="PASS" signature="testOne()[pri:0, instance:MyCases@2096442d]" name="testOne" duration-ms="3" started-at="2020-07-03T11:17:02Z" finished-at="2020-07-03T11:17:02Z">
          <reporter-output>
          </reporter-output>
        </test-method> <!-- testOne -->
        <test-method status="PASS" signature="testSix()[pri:0, instance:MyCases@2096442d]" name="testSix" duration-ms="2" started-at="2020-07-03T11:17:02Z" finished-at="2020-07-03T11:17:02Z">
          <reporter-output>
          </reporter-output>
        </test-method> <!-- testSix -->
        <test-method status="PASS" signature="testThree()[pri:0, instance:MyCases@2096442d]" name="testThree" duration-ms="2" started-at="2020-07-03T11:17:02Z" finished-at="2020-07-03T11:17:02Z">
          <reporter-output>
          </reporter-output>
        </test-method> <!-- testThree -->
        <test-method status="PASS" signature="testTwo()[pri:0, instance:MyCases@2096442d]" name="testTwo" duration-ms="2" started-at="2020-07-03T11:17:02Z" finished-at="2020-07-03T11:17:02Z">
          <reporter-output>
          </reporter-output>
        </test-method> <!-- testTwo -->
      </class> <!-- MyCases -->
    </test> <!-- Default test -->
  </suite> <!-- Default suite -->
</testng-results>
